<?xml version="1.0" encoding="UTF-8"?>
<!-- Generated by org.testng.reporters.JUnitReportReporter -->
<testsuite hostname="vaishu_sreeju" failures="0" tests="10" name="org.maven.SampleTestNG.Prioritysample" time="0.015" errors="0" timestamp="10 Jan 2024 21:58:52 GMT" skipped="0">
  <testcase classname="org.maven.SampleTestNG.Prioritysample" name="tc5" time="0.015"/>
  <testcase classname="org.maven.SampleTestNG.Prioritysample" name="tc2" time="0.000"/>
  <testcase classname="org.maven.SampleTestNG.Prioritysample" name="tc1" time="0.000"/>
  <testcase classname="org.maven.SampleTestNG.Prioritysample" name="tc4" time="0.000"/>
  <testcase classname="org.maven.SampleTestNG.Prioritysample" name="tc4" time="0.000"/>
  <testcase classname="org.maven.SampleTestNG.Prioritysample" name="tc3" time="0.000"/>
  <testcase classname="org.maven.SampleTestNG.Prioritysample" name="tc3" time="0.000"/>
  <testcase classname="org.maven.SampleTestNG.Prioritysample" name="tc3" time="0.000"/>
  <testcase classname="org.maven.SampleTestNG.Prioritysample" name="tc3" time="0.000"/>
  <testcase classname="org.maven.SampleTestNG.Prioritysample" name="tc3" time="0.000"/>
</testsuite> <!-- org.maven.SampleTestNG.Prioritysample -->
