<?xml version="1.0" encoding="UTF-8"?>
<!-- Generated by org.testng.reporters.JUnitReportReporter -->
<testsuite hostname="vaishu_sreeju" failures="0" tests="1" name="org.maven.SampleTestNG.AdactinHotelBooking" time="24.169" errors="0" timestamp="24 Mar 2024 23:01:42 GMT" skipped="0">
  <testcase classname="org.maven.SampleTestNG.AdactinHotelBooking" name="Booking" time="24.169"/>
</testsuite> <!-- org.maven.SampleTestNG.AdactinHotelBooking -->
